<?xml version="1.0" encoding="UTF-8"?>
<!-- Generated by org.testng.reporters.JUnitReportReporter -->
<testsuite hostname="DESKTOP-3GINJH4" failures="0" tests="1" name="test.NewTest01" time="0.005" errors="0" timestamp="2022-09-02T14:30:52 EDT" skipped="0">
  <testcase classname="test.NewTest01" name="test" time="0.005"/>
  <system-out/>
</testsuite> <!-- test.NewTest01 -->
